<?xml version="1.0" encoding="UTF-8"?>
<!-- Generated by org.testng.reporters.JUnitReportReporter -->
<testsuite hostname="Sweety" failures="0" tests="2" name="BestBuyTests.BestBuyTest" time="172.238" errors="0" timestamp="2023-09-08T11:57:12 IST" skipped="0">
  <testcase classname="BestBuyTests.BestBuyTest" name="TestcaseLaunchBrowser" time="8.627"/>
  <system-out/>
  <testcase classname="BestBuyTests.BestBuyTest" name="validLoginTestcase" time="163.611"/>
  <system-out/>
</testsuite> <!-- BestBuyTests.BestBuyTest -->
