<?xml version="1.0" encoding="UTF-8"?>
<!-- Generated by org.testng.reporters.JUnitReportReporter -->
<testsuite hostname="Sweety" failures="0" tests="1" name="BestBuyUtils.BrokenLink" time="10.220" errors="0" timestamp="2023-09-08T11:57:12 IST" skipped="0">
  <testcase classname="BestBuyUtils.BrokenLink" name="brokenLinkBestbuy" time="10.220"/>
  <system-out/>
</testsuite> <!-- BestBuyUtils.BrokenLink -->
